<?xml version="1.0" encoding="UTF-8"?>
<testsuite xmlns:xsi="http://www.w3.org/2001/XMLSchema-instance" xsi:noNamespaceSchemaLocation="https://maven.apache.org/surefire/maven-surefire-plugin/xsd/surefire-test-report.xsd" name="org.example.third.character.CharacterTest" time="0.11" tests="18" errors="0" skipped="0" failures="0">
  <properties>
[...]
</properties>
  <testcase name="changeStateOnNull" classname="org.example.third.character.CharacterTest" time="0.001"/>
  <testcase name="performReturnsString{Human}[1]" classname="org.example.third.character.CharacterTest" time="0.009"/>
  <testcase name="performReturnsString{Human}[2]" classname="org.example.third.character.CharacterTest" time="0"/>
  <testcase name="performReturnsString{Human}[3]" classname="org.example.third.character.CharacterTest" time="0"/>
  <testcase name="performOnNullThrowsException" classname="org.example.third.character.CharacterTest" time="0.001"/>
  <testcase name="triggerReturnsString{BodyPartType, String}[1]" classname="org.example.third.character.CharacterTest" time="0.003"/>
  <testcase name="triggerReturnsString{BodyPartType, String}[2]" classname="org.example.third.character.CharacterTest" time="0.001"/>
  <testcase name="triggerReturnsString{BodyPartType, String}[3]" classname="org.example.third.character.CharacterTest" time="0.001"/>
  <testcase name="triggerReturnsString{BodyPartType, String}[4]" classname="org.example.third.character.CharacterTest" time="0.001"/>
  <testcase name="triggerReturnsString{BodyPartType, String}[5]" classname="org.example.third.character.CharacterTest" time="0"/>
  <testcase name="triggerReturnsString{BodyPartType, String}[6]" classname="org.example.third.character.CharacterTest" time="0.001"/>
  <testcase name="triggerOnNullBodyParts" classname="org.example.third.character.CharacterTest" time="0.002"/>
  <testcase name="changeStateReturnsString{EmotionalState}[1]" classname="org.example.third.character.CharacterTest" time="0.002"/>
  <testcase name="changeStateReturnsString{EmotionalState}[2]" classname="org.example.third.character.CharacterTest" time="0.001"/>
  <testcase name="changeStateReturnsString{EmotionalState}[3]" classname="org.example.third.character.CharacterTest" time="0.001"/>
  <testcase name="changeStateReturnsString{EmotionalState}[4]" classname="org.example.third.character.CharacterTest" time="0"/>
  <testcase name="changeStateReturnsString{EmotionalState}[5]" classname="org.example.third.character.CharacterTest" time="0"/>
  <testcase name="changeStateReturnsString{EmotionalState}[6]" classname="org.example.third.character.CharacterTest" time="0.001"/>
</testsuite>